<?xml version="1.0" encoding="UTF-8"?>
<!-- Generated by org.testng.reporters.JUnitXMLReporter -->
<testsuite ignored="0" hostname="DESKTOP-8NI1QA6" failures="1" tests="1" name="FirefoxTest" time="79.398" errors="0" timestamp="2025-02-15T12:31:50 IST">
  <testcase classname="MultiBrowsers.DragAndDropSlidersTest" name="dragAndDrop" time="64.659">
    <failure type="java.lang.AssertionError" message="The slider value did not update to 95 expected [94] but found [95]">
      <![CDATA[java.lang.AssertionError: The slider value did not update to 95 expected [94] but found [95]
at MultiBrowsers.DragAndDropSlidersTest.dragAndDrop(DragAndDropSlidersTest.java:97)
at java.base/java.util.ArrayList.forEach(ArrayList.java:1597)
at java.base/java.util.concurrent.FutureTask.run(FutureTask.java:317)
at java.base/java.util.concurrent.ThreadPoolExecutor.runWorker(ThreadPoolExecutor.java:1144)
at java.base/java.util.concurrent.ThreadPoolExecutor$Worker.run(ThreadPoolExecutor.java:642)
at java.base/java.lang.Thread.run(Thread.java:1570)
... Removed 20 stack frames]]>
    </failure>
  </testcase> <!-- dragAndDrop -->
</testsuite> <!-- FirefoxTest -->
